<?xml version="1.0" encoding="UTF-8"?>
<!-- Generated by org.testng.reporters.JUnitReportReporter -->
<testsuite hostname="DESKTOP-PQK246G" failures="0" tests="1" name="yarnbiz.testcases.Mini_Cart_001" time="79.711" errors="0" timestamp="2022-12-14T16:34:37 IST" skipped="0">
  <testcase classname="yarnbiz.testcases.Mini_Cart_001" name="Mini_Cart_001" time="79.711"/>
  <system-out/>
</testsuite> <!-- yarnbiz.testcases.Mini_Cart_001 -->
