<?xml version="1.0" encoding="UTF-8"?>
<!-- Generated by org.testng.reporters.JUnitReportReporter -->
<testsuite hostname="techsevin" failures="0" tests="1" name="yarnbiz.testcases.PLP_Page_004" time="41.333" errors="0" timestamp="2022-12-28T13:03:16 IST" skipped="0">
  <testcase classname="yarnbiz.testcases.PLP_Page_004" name="PLP_Page_002" time="41.333"/>
  <system-out/>
</testsuite> <!-- yarnbiz.testcases.PLP_Page_004 -->
