<?xml version="1.0" encoding="UTF-8"?>
<!-- Generated by org.testng.reporters.JUnitReportReporter -->
<testsuite hostname="DESKTOP-PQK246G" failures="0" tests="1" name="yarnbiz.testcases.Registration_Seller_003$Registration_Buyer_003" time="189.359" errors="0" timestamp="2022-12-08T18:36:43 IST" skipped="0">
  <testcase classname="yarnbiz.testcases.Registration_Seller_003$Registration_Buyer_003" name="Registration_Seller_003" time="189.359"/>
  <system-out/>
</testsuite> <!-- yarnbiz.testcases.Registration_Seller_003$Registration_Buyer_003 -->
