<?xml version="1.0" encoding="UTF-8"?>
<!-- Generated by org.testng.reporters.JUnitReportReporter -->
<testsuite hostname="techsevin" failures="0" tests="1" name="yarnbiz.testcases.CheckOut_Page_004" time="75.189" errors="0" timestamp="2023-01-20T15:56:16 IST" skipped="0">
  <testcase classname="yarnbiz.testcases.CheckOut_Page_004" name="CheckOut_Page_004" time="75.189"/>
  <system-out/>
</testsuite> <!-- yarnbiz.testcases.CheckOut_Page_004 -->
