<?xml version="1.0" encoding="UTF-8"?>
<!-- Generated by org.testng.reporters.JUnitReportReporter -->
<testsuite hostname="techsevin" failures="0" tests="1" name="yarnbiz.testcases.PDP_Page_004" time="38.040" errors="0" timestamp="2022-12-23T16:51:20 IST" skipped="0">
  <testcase classname="yarnbiz.testcases.PDP_Page_004" name="PDP_Page_004" time="38.040"/>
  <system-out/>
</testsuite> <!-- yarnbiz.testcases.PDP_Page_004 -->
