<?xml version="1.0" encoding="UTF-8"?>
<!-- Generated by org.testng.reporters.JUnitReportReporter -->
<testsuite hostname="DESKTOP-PQK246G" failures="0" tests="1" name="yarnbiz.testcases.Home_Page_001" time="37.483" errors="0" timestamp="2022-12-07T19:48:50 IST" skipped="0">
  <testcase classname="yarnbiz.testcases.Home_Page_001" name="Home_Page_001" time="37.483"/>
  <system-out/>
</testsuite> <!-- yarnbiz.testcases.Home_Page_001 -->
