<?xml version="1.0" encoding="UTF-8"?>
<!-- Generated by org.testng.reporters.JUnitReportReporter -->
<testsuite hostname="DESKTOP-PQK246G" failures="0" tests="1" name="yarnbiz.testcases.Buyer_Registration" time="55.137" errors="0" timestamp="2022-12-08T11:24:34 IST" skipped="0">
  <testcase classname="yarnbiz.testcases.Buyer_Registration" name="Registration_Buyer" time="55.137"/>
  <system-out/>
</testsuite> <!-- yarnbiz.testcases.Buyer_Registration -->
