<?xml version="1.0" encoding="UTF-8"?>
<!-- Generated by org.testng.reporters.JUnitReportReporter -->
<testsuite hostname="techsevin" failures="0" tests="1" name="yarnbiz.testcases.PDP_Page_008" time="40.587" errors="0" timestamp="2022-12-28T11:56:09 IST" skipped="0">
  <testcase classname="yarnbiz.testcases.PDP_Page_008" name="PDP_Page_008" time="40.587"/>
  <system-out/>
</testsuite> <!-- yarnbiz.testcases.PDP_Page_008 -->
