<?xml version="1.0" encoding="UTF-8"?>
<!-- Generated by org.testng.reporters.JUnitReportReporter -->
<testsuite hostname="techsevin" failures="0" tests="1" name="yarnbiz.testcases.Mini_Cart_002" time="41.962" errors="0" timestamp="2022-12-23T19:09:37 IST" skipped="0">
  <testcase classname="yarnbiz.testcases.Mini_Cart_002" name="Mini_Cart_002" time="41.962"/>
  <system-out/>
</testsuite> <!-- yarnbiz.testcases.Mini_Cart_002 -->
