<?xml version="1.0" encoding="UTF-8"?>
<!-- Generated by org.testng.reporters.JUnitReportReporter -->
<testsuite hostname="DESKTOP-PQK246G" failures="0" tests="1" name="yarnbiz.testcases.Cart_Page_007" time="66.908" errors="0" timestamp="2022-12-16T18:03:01 IST" skipped="0">
  <testcase classname="yarnbiz.testcases.Cart_Page_007" name="Cart_Page_006" time="66.908"/>
  <system-out/>
</testsuite> <!-- yarnbiz.testcases.Cart_Page_007 -->
