<?xml version="1.0" encoding="UTF-8"?>
<!-- Generated by org.testng.reporters.JUnitReportReporter -->
<testsuite hostname="techsevin" failures="0" tests="1" name="yarnbiz.testcases.Login_Seller_" time="30.782" errors="0" timestamp="2022-12-22T12:34:54 IST" skipped="0">
  <testcase classname="yarnbiz.testcases.Login_Seller_" name="Login_Seller_" time="30.782"/>
  <system-out/>
</testsuite> <!-- yarnbiz.testcases.Login_Seller_ -->
