<?xml version="1.0" encoding="UTF-8"?>
<!-- Generated by org.testng.reporters.JUnitReportReporter -->
<testsuite hostname="techsevin" failures="0" tests="1" name="yarnbiz.testcases.Mini_Cart_001" time="25.497" errors="0" timestamp="2022-12-28T19:19:56 IST" skipped="0">
  <testcase classname="yarnbiz.testcases.Mini_Cart_001" name="Mini_Cart_001" time="25.497"/>
  <system-out/>
</testsuite> <!-- yarnbiz.testcases.Mini_Cart_001 -->
