<?xml version="1.0" encoding="UTF-8"?>
<!-- Generated by org.testng.reporters.JUnitReportReporter -->
<testsuite hostname="techsevin" failures="0" tests="1" name="yarnbiz.testcases.PDP_Page_006" time="29.648" errors="0" timestamp="2022-12-26T12:29:56 IST" skipped="0">
  <testcase classname="yarnbiz.testcases.PDP_Page_006" name="PDP_Page_006" time="29.648"/>
  <system-out/>
</testsuite> <!-- yarnbiz.testcases.PDP_Page_006 -->
