<?xml version="1.0" encoding="UTF-8"?>
<!-- Generated by org.testng.reporters.JUnitReportReporter -->
<testsuite hostname="techsevin" failures="0" tests="1" name="yarnbiz.testcases.PLP_Page_001" time="23.844" errors="0" timestamp="2022-12-28T12:07:44 IST" skipped="0">
  <testcase classname="yarnbiz.testcases.PLP_Page_001" name="PLP_Page_001" time="23.844"/>
  <system-out/>
</testsuite> <!-- yarnbiz.testcases.PLP_Page_001 -->
