<?xml version="1.0" encoding="UTF-8"?>
<!-- Generated by org.testng.reporters.JUnitReportReporter -->
<testsuite hostname="techsevin" failures="0" tests="1" name="yarnbiz.testcases.Forgot_Password_Seller_003" time="38.279" errors="0" timestamp="2022-12-22T13:31:41 IST" skipped="0">
  <testcase classname="yarnbiz.testcases.Forgot_Password_Seller_003" name="Forgot_Password_Seller_003" time="38.279"/>
  <system-out/>
</testsuite> <!-- yarnbiz.testcases.Forgot_Password_Seller_003 -->
