<?xml version="1.0" encoding="UTF-8"?>
<!-- Generated by org.testng.reporters.JUnitReportReporter -->
<testsuite hostname="techsevin" failures="0" tests="1" name="yarnbiz.testcases.PLP_Page_006" time="40.865" errors="0" timestamp="2022-12-28T15:40:34 IST" skipped="0">
  <testcase classname="yarnbiz.testcases.PLP_Page_006" name="PLP_Page_006" time="40.865"/>
  <system-out/>
</testsuite> <!-- yarnbiz.testcases.PLP_Page_006 -->
