<?xml version="1.0" encoding="UTF-8"?>
<!-- Generated by org.testng.reporters.JUnitReportReporter -->
<testsuite hostname="DESKTOP-PQK246G" failures="0" tests="1" name="yarnbiz.testcases.Cart_Page_006" time="92.232" errors="0" timestamp="2022-12-16T16:47:32 IST" skipped="0">
  <testcase classname="yarnbiz.testcases.Cart_Page_006" name="Cart_Page_006" time="92.232"/>
  <system-out/>
</testsuite> <!-- yarnbiz.testcases.Cart_Page_006 -->
