<?xml version="1.0" encoding="UTF-8"?>
<!-- Generated by org.testng.reporters.JUnitReportReporter -->
<testsuite hostname="DESKTOP-PQK246G" failures="0" tests="1" name="yarnbiz.testcases.TC_YBZ_002" time="68.761" errors="0" timestamp="2022-12-05T14:32:55 IST" skipped="0">
  <testcase classname="yarnbiz.testcases.TC_YBZ_002" name="SellerRegistration" time="68.761"/>
  <system-out/>
</testsuite> <!-- yarnbiz.testcases.TC_YBZ_002 -->
