<?xml version="1.0" encoding="UTF-8"?>
<!-- Generated by org.testng.reporters.JUnitReportReporter -->
<testsuite hostname="DESKTOP-PQK246G" failures="0" tests="1" name="yarnbiz.testcases.Forgot_Password_Buyer_002" time="28.008" errors="0" timestamp="2022-12-13T12:10:24 IST" skipped="0">
  <testcase classname="yarnbiz.testcases.Forgot_Password_Buyer_002" name="Forgot_Password_Buyer_002" time="28.008"/>
  <system-out/>
</testsuite> <!-- yarnbiz.testcases.Forgot_Password_Buyer_002 -->
