<?xml version="1.0" encoding="UTF-8"?>
<!-- Generated by org.testng.reporters.JUnitReportReporter -->
<testsuite hostname="techsevin" failures="0" tests="1" name="yarnbiz.testcases.Registration_Seller_004" time="70.280" errors="0" timestamp="2023-01-23T16:29:00 IST" skipped="0">
  <testcase classname="yarnbiz.testcases.Registration_Seller_004" name="Registration_Seller_004" time="70.280"/>
  <system-out/>
</testsuite> <!-- yarnbiz.testcases.Registration_Seller_004 -->
