<?xml version="1.0" encoding="UTF-8"?>
<!-- Generated by org.testng.reporters.JUnitReportReporter -->
<testsuite hostname="DESKTOP-PQK246G" failures="0" tests="1" name="yarnbiz.testcases.Home_Page_002" time="43.117" errors="0" timestamp="2022-12-16T16:27:07 IST" skipped="0">
  <testcase classname="yarnbiz.testcases.Home_Page_002" name="Home_Page_002" time="43.117"/>
  <system-out/>
</testsuite> <!-- yarnbiz.testcases.Home_Page_002 -->
