<?xml version="1.0" encoding="UTF-8"?>
<!-- Generated by org.testng.reporters.JUnitReportReporter -->
<testsuite hostname="techsevin" failures="0" tests="1" name="yarnbiz.testcases.Home_Page_001" time="16.009" errors="0" timestamp="2022-12-22T18:25:26 IST" skipped="0">
  <testcase classname="yarnbiz.testcases.Home_Page_001" name="Home_Page_001" time="16.009"/>
  <system-out/>
</testsuite> <!-- yarnbiz.testcases.Home_Page_001 -->
