<?xml version="1.0" encoding="UTF-8"?>
<!-- Generated by org.testng.reporters.JUnitReportReporter -->
<testsuite hostname="techsevin" failures="0" tests="1" name="yarnbiz.testcases.PLP_Page_005" time="37.173" errors="0" timestamp="2022-12-28T15:22:22 IST" skipped="0">
  <testcase classname="yarnbiz.testcases.PLP_Page_005" name="PLP_Page_005" time="37.173"/>
  <system-out/>
</testsuite> <!-- yarnbiz.testcases.PLP_Page_005 -->
