<?xml version="1.0" encoding="UTF-8"?>
<!-- Generated by org.testng.reporters.JUnitReportReporter -->
<testsuite hostname="DESKTOP-PQK246G" failures="0" tests="1" name="yarnbiz.testcases.Cart_Page_002" time="109.821" errors="0" timestamp="2022-12-15T15:53:34 IST" skipped="0">
  <testcase classname="yarnbiz.testcases.Cart_Page_002" name="Cart_Page_002" time="109.821"/>
  <system-out/>
</testsuite> <!-- yarnbiz.testcases.Cart_Page_002 -->
