<?xml version="1.0" encoding="UTF-8"?>
<!-- Generated by org.testng.reporters.JUnitReportReporter -->
<testsuite hostname="DESKTOP-PQK246G" failures="0" tests="2" name="yarnbiz.testcases.Registration_Seller_002" time="115.542" errors="0" timestamp="2022-12-08T13:19:38 IST" skipped="0">
  <testcase classname="yarnbiz.testcases.Registration_Seller_002" name="Registration_Seller_002" time="53.383"/>
  <system-out/>
  <testcase classname="yarnbiz.testcases.Registration_Seller_002" name="Registration_Seller_002" time="62.159"/>
  <system-out/>
</testsuite> <!-- yarnbiz.testcases.Registration_Seller_002 -->
