<?xml version="1.0" encoding="UTF-8"?>
<!-- Generated by org.testng.reporters.JUnitReportReporter -->
<testsuite hostname="techsevin" failures="0" tests="1" name="yarnbiz.testcases.CheckOut_Page_004" time="65.472" errors="0" timestamp="2022-12-23T10:10:58 IST" skipped="0">
  <testcase classname="yarnbiz.testcases.CheckOut_Page_004" name="CheckOut_Page_004" time="65.472"/>
  <system-out/>
</testsuite> <!-- yarnbiz.testcases.CheckOut_Page_004 -->
