<?xml version="1.0" encoding="UTF-8"?>
<!-- Generated by org.testng.reporters.JUnitReportReporter -->
<testsuite hostname="techsevin" failures="0" tests="1" name="yarnbiz.testcases.PDP_Page_005" time="40.479" errors="0" timestamp="2022-12-23T16:51:20 IST" skipped="0">
  <testcase classname="yarnbiz.testcases.PDP_Page_005" name="PDP_Page_005" time="40.479"/>
  <system-out/>
</testsuite> <!-- yarnbiz.testcases.PDP_Page_005 -->
