<?xml version="1.0" encoding="UTF-8"?>
<!-- Generated by org.testng.reporters.JUnitReportReporter -->
<testsuite hostname="DESKTOP-PQK246G" failures="0" tests="1" name="yarnbiz.testcases.Cart_Page_005" time="63.972" errors="0" timestamp="2022-12-16T11:23:06 IST" skipped="0">
  <testcase classname="yarnbiz.testcases.Cart_Page_005" name="Cart_Page_005" time="63.972"/>
  <system-out/>
</testsuite> <!-- yarnbiz.testcases.Cart_Page_005 -->
