<?xml version="1.0" encoding="UTF-8"?>
<!-- Generated by org.testng.reporters.JUnitReportReporter -->
<testsuite hostname="techsevin" failures="0" tests="1" name="yarnbiz.testcases.Registration_Buyer_002" time="25.131" errors="0" timestamp="2022-12-23T09:50:29 IST" skipped="0">
  <testcase classname="yarnbiz.testcases.Registration_Buyer_002" name="Registration_Buyer_002" time="25.131"/>
  <system-out/>
</testsuite> <!-- yarnbiz.testcases.Registration_Buyer_002 -->
