<?xml version="1.0" encoding="UTF-8"?>
<!-- Generated by org.testng.reporters.JUnitReportReporter -->
<testsuite hostname="DESKTOP-PQK246G" failures="0" tests="1" name="yarnbiz.testcases.Forgot_Password_Seller_002" time="29.601" errors="0" timestamp="2022-12-13T12:12:48 IST" skipped="0">
  <testcase classname="yarnbiz.testcases.Forgot_Password_Seller_002" name="Forgot_Password_Seller_002" time="29.601"/>
  <system-out/>
</testsuite> <!-- yarnbiz.testcases.Forgot_Password_Seller_002 -->
