<?xml version="1.0" encoding="UTF-8"?>
<!-- Generated by org.testng.reporters.JUnitReportReporter -->
<testsuite hostname="techsevin" failures="0" tests="1" name="yarnbiz.testcases.Forgot_Password_Buyer_003" time="25.733" errors="0" timestamp="2023-01-04T11:22:41 IST" skipped="0">
  <testcase classname="yarnbiz.testcases.Forgot_Password_Buyer_003" name="Forgot_Password_Buyer_003" time="25.733"/>
  <system-out/>
</testsuite> <!-- yarnbiz.testcases.Forgot_Password_Buyer_003 -->
