<?xml version="1.0" encoding="UTF-8"?>
<!-- Generated by org.testng.reporters.JUnitReportReporter -->
<testsuite hostname="DESKTOP-PQK246G" failures="0" tests="1" name="yarnbiz.testcases.Cart_Page_001" time="68.786" errors="0" timestamp="2022-12-15T13:14:24 IST" skipped="0">
  <testcase classname="yarnbiz.testcases.Cart_Page_001" name="Mini_Cart_001" time="68.786"/>
  <system-out/>
</testsuite> <!-- yarnbiz.testcases.Cart_Page_001 -->
