<?xml version="1.0" encoding="UTF-8"?>
<!-- Generated by org.testng.reporters.JUnitReportReporter -->
<testsuite hostname="DESKTOP-PQK246G" failures="0" tests="1" name="yarnbiz.testcases.Login_Seller_001" time="64.787" errors="0" timestamp="2022-12-12T15:20:43 IST" skipped="0">
  <testcase classname="yarnbiz.testcases.Login_Seller_001" name="Login_Seller_001" time="64.787"/>
  <system-out/>
</testsuite> <!-- yarnbiz.testcases.Login_Seller_001 -->
