<?xml version="1.0" encoding="UTF-8"?>
<!-- Generated by org.testng.reporters.JUnitReportReporter -->
<testsuite hostname="techsevin" failures="0" tests="1" name="yarnbiz.testcases.PLP_Page_003" time="42.824" errors="0" timestamp="2022-12-28T12:55:31 IST" skipped="0">
  <testcase classname="yarnbiz.testcases.PLP_Page_003" name="PLP_Page_003" time="42.824"/>
  <system-out/>
</testsuite> <!-- yarnbiz.testcases.PLP_Page_003 -->
