<?xml version="1.0" encoding="UTF-8"?>
<!-- Generated by org.testng.reporters.JUnitReportReporter -->
<testsuite hostname="DESKTOP-PQK246G" failures="0" tests="1" name="yarnbiz.testcases.Registration_Buyer_004" time="41.589" errors="0" timestamp="2022-12-07T19:48:50 IST" skipped="0">
  <testcase classname="yarnbiz.testcases.Registration_Buyer_004" name="Registration_Buyer_004" time="41.589"/>
  <system-out/>
</testsuite> <!-- yarnbiz.testcases.Registration_Buyer_004 -->
