<?xml version="1.0" encoding="UTF-8"?>
<!-- Generated by org.testng.reporters.JUnitReportReporter -->
<testsuite hostname="DESKTOP-PQK246G" failures="0" tests="1" name="yarnbiz.testcases.CheckOut_Page_010" time="124.408" errors="0" timestamp="2022-12-21T18:06:27 IST" skipped="0">
  <testcase classname="yarnbiz.testcases.CheckOut_Page_010" name="CheckOut_Page_0010" time="124.408"/>
  <system-out/>
</testsuite> <!-- yarnbiz.testcases.CheckOut_Page_010 -->
