<?xml version="1.0" encoding="UTF-8"?>
<!-- Generated by org.testng.reporters.JUnitReportReporter -->
<testsuite hostname="DESKTOP-PQK246G" failures="0" tests="1" name="yarnbiz.testcases.Forgot_Password_Seller_001" time="29.239" errors="0" timestamp="2022-12-13T12:03:03 IST" skipped="0">
  <testcase classname="yarnbiz.testcases.Forgot_Password_Seller_001" name="Forgot_Password_Seller_001" time="29.239"/>
  <system-out/>
</testsuite> <!-- yarnbiz.testcases.Forgot_Password_Seller_001 -->
