<?xml version="1.0" encoding="UTF-8"?>
<!-- Generated by org.testng.reporters.JUnitReportReporter -->
<testsuite hostname="DESKTOP-PQK246G" failures="0" tests="1" name="yarnbiz.testcases.Login_Seller_003" time="44.583" errors="0" timestamp="2022-12-12T16:05:51 IST" skipped="0">
  <testcase classname="yarnbiz.testcases.Login_Seller_003" name="Login_Seller_003" time="44.583"/>
  <system-out/>
</testsuite> <!-- yarnbiz.testcases.Login_Seller_003 -->
