<?xml version="1.0" encoding="UTF-8"?>
<!-- Generated by org.testng.reporters.JUnitReportReporter -->
<testsuite hostname="techsevin" failures="0" tests="1" name="yarnbiz.testcases.Login_Seller_" time="20.769" errors="0" timestamp="2023-01-05T16:03:21 IST" skipped="0">
  <testcase classname="yarnbiz.testcases.Login_Seller_" name="Login_Seller_" time="20.769"/>
  <system-out/>
</testsuite> <!-- yarnbiz.testcases.Login_Seller_ -->
