<?xml version="1.0" encoding="UTF-8"?>
<!-- Generated by org.testng.reporters.JUnitReportReporter -->
<testsuite hostname="DESKTOP-PQK246G" failures="0" tests="1" name="yarnbiz.testcases.Login_Seller_004" time="29.769" errors="0" timestamp="2022-12-12T16:16:22 IST" skipped="0">
  <testcase classname="yarnbiz.testcases.Login_Seller_004" name="TC_YBZ_004" time="29.769"/>
  <system-out/>
</testsuite> <!-- yarnbiz.testcases.Login_Seller_004 -->
