<?xml version="1.0" encoding="UTF-8"?>
<!-- Generated by org.testng.reporters.JUnitReportReporter -->
<testsuite hostname="DESKTOP-PQK246G" failures="0" tests="1" name="yarnbiz.testcases.Mini_Cart_005" time="62.820" errors="0" timestamp="2022-12-14T16:22:36 IST" skipped="0">
  <testcase classname="yarnbiz.testcases.Mini_Cart_005" name="Mini_Cart_005" time="62.820"/>
  <system-out/>
</testsuite> <!-- yarnbiz.testcases.Mini_Cart_005 -->
