<?xml version="1.0" encoding="UTF-8"?>
<!-- Generated by org.testng.reporters.JUnitReportReporter -->
<testsuite hostname="techsevin" failures="0" tests="1" name="yarnbiz.testcases.Cart_Page_001" time="59.362" errors="0" timestamp="2023-01-19T16:49:40 IST" skipped="0">
  <testcase classname="yarnbiz.testcases.Cart_Page_001" name="Cart_Page_001" time="59.362"/>
  <system-out/>
</testsuite> <!-- yarnbiz.testcases.Cart_Page_001 -->
