<?xml version="1.0" encoding="UTF-8"?>
<!-- Generated by org.testng.reporters.JUnitReportReporter -->
<testsuite hostname="techsevin" failures="0" tests="1" name="yarnbiz.testcases.PDP_Page_007" time="29.950" errors="0" timestamp="2022-12-27T12:29:07 IST" skipped="0">
  <testcase classname="yarnbiz.testcases.PDP_Page_007" name="PDP_Page_007" time="29.950"/>
  <system-out/>
</testsuite> <!-- yarnbiz.testcases.PDP_Page_007 -->
