<?xml version="1.0" encoding="UTF-8"?>
<!-- Generated by org.testng.reporters.JUnitReportReporter -->
<testsuite hostname="DESKTOP-PQK246G" failures="0" tests="1" name="yarnbiz.testcases.Login_Seller_002" time="44.582" errors="0" timestamp="2022-12-12T16:09:09 IST" skipped="0">
  <testcase classname="yarnbiz.testcases.Login_Seller_002" name="TC_YBZ_002" time="44.582"/>
  <system-out/>
</testsuite> <!-- yarnbiz.testcases.Login_Seller_002 -->
