<?xml version="1.0" encoding="UTF-8"?>
<!-- Generated by org.testng.reporters.JUnitReportReporter -->
<testsuite hostname="DESKTOP-PQK246G" failures="0" tests="1" name="yarnbiz.testcases.CheckOut_Page_007" time="113.664" errors="0" timestamp="2022-12-21T18:19:59 IST" skipped="0">
  <testcase classname="yarnbiz.testcases.CheckOut_Page_007" name="CheckOut_Page_007" time="113.664"/>
  <system-out/>
</testsuite> <!-- yarnbiz.testcases.CheckOut_Page_007 -->
