<?xml version="1.0" encoding="UTF-8"?>
<!-- Generated by org.testng.reporters.JUnitReportReporter -->
<testsuite hostname="DESKTOP-PQK246G" failures="0" tests="1" name="yarnbiz.testcases.Cart_Page_003" time="100.842" errors="0" timestamp="2022-12-16T10:42:49 IST" skipped="0">
  <testcase classname="yarnbiz.testcases.Cart_Page_003" name="Cart_Page_003" time="100.842"/>
  <system-out/>
</testsuite> <!-- yarnbiz.testcases.Cart_Page_003 -->
