<?xml version="1.0" encoding="UTF-8"?>
<!-- Generated by org.testng.reporters.JUnitReportReporter -->
<testsuite hostname="DESKTOP-PQK246G" failures="0" tests="1" name="yarnbiz.testcases.Cart_Page_008" time="58.731" errors="0" timestamp="2022-12-16T19:07:58 IST" skipped="0">
  <testcase classname="yarnbiz.testcases.Cart_Page_008" name="Cart_Page_008" time="58.731"/>
  <system-out/>
</testsuite> <!-- yarnbiz.testcases.Cart_Page_008 -->
