<?xml version="1.0" encoding="UTF-8"?>
<!-- Generated by org.testng.reporters.JUnitReportReporter -->
<testsuite hostname="DESKTOP-PQK246G" failures="0" tests="1" name="yarnbiz.testcases.Login_Buyer_006" time="57.831" errors="0" timestamp="2022-12-12T18:41:46 IST" skipped="0">
  <testcase classname="yarnbiz.testcases.Login_Buyer_006" name="Login_Seller_006" time="57.831"/>
  <system-out/>
</testsuite> <!-- yarnbiz.testcases.Login_Buyer_006 -->
