<?xml version="1.0" encoding="UTF-8"?>
<!-- Generated by org.testng.reporters.JUnitReportReporter -->
<testsuite hostname="techsevin" failures="0" tests="1" name="yarnbiz.testcases.CheckOut_Page_005" time="70.938" errors="0" timestamp="2022-12-26T13:22:19 IST" skipped="0">
  <testcase classname="yarnbiz.testcases.CheckOut_Page_005" name="CheckOut_Page_005" time="70.938"/>
  <system-out/>
</testsuite> <!-- yarnbiz.testcases.CheckOut_Page_005 -->
