<?xml version="1.0" encoding="UTF-8"?>
<!-- Generated by org.testng.reporters.JUnitReportReporter -->
<testsuite hostname="DESKTOP-PQK246G" failures="0" tests="1" name="yarnbiz.testcases.TC_YBZ_003" time="86.382" errors="0" timestamp="2022-12-05T15:55:00 IST" skipped="0">
  <testcase classname="yarnbiz.testcases.TC_YBZ_003" name="verifyLogin" time="86.382"/>
  <system-out/>
</testsuite> <!-- yarnbiz.testcases.TC_YBZ_003 -->
