<?xml version="1.0" encoding="UTF-8"?>
<!-- Generated by org.testng.reporters.JUnitReportReporter -->
<testsuite hostname="DESKTOP-PQK246G" failures="0" tests="1" name="yarnbiz.testcases.Registration_Buyer_007" time="54.335" errors="0" timestamp="2022-12-09T11:55:24 IST" skipped="0">
  <testcase classname="yarnbiz.testcases.Registration_Buyer_007" name="Registration_Buyer_007" time="54.335"/>
  <system-out/>
</testsuite> <!-- yarnbiz.testcases.Registration_Buyer_007 -->
