<?xml version="1.0" encoding="UTF-8"?>
<!-- Generated by org.testng.reporters.JUnitReportReporter -->
<testsuite hostname="techsevin" failures="0" tests="1" name="yarnbiz.testcases.CheckOut_Page_008" time="91.972" errors="0" timestamp="2023-01-25T18:25:09 IST" skipped="0">
  <testcase classname="yarnbiz.testcases.CheckOut_Page_008" name="CheckOut_Page_008" time="91.972"/>
  <system-out/>
</testsuite> <!-- yarnbiz.testcases.CheckOut_Page_008 -->
