<?xml version="1.0" encoding="UTF-8"?>
<!-- Generated by org.testng.reporters.JUnitReportReporter -->
<testsuite hostname="techsevin" failures="0" tests="1" name="yarnbiz.testcases.Seller_Product_001" time="46.782" errors="0" timestamp="2023-01-02T18:20:19 IST" skipped="0">
  <testcase classname="yarnbiz.testcases.Seller_Product_001" name="Seller_Product_001" time="46.782"/>
  <system-out/>
</testsuite> <!-- yarnbiz.testcases.Seller_Product_001 -->
