<?xml version="1.0" encoding="UTF-8"?>
<!-- Generated by org.testng.reporters.JUnitReportReporter -->
<testsuite hostname="techsevin" failures="0" tests="1" name="yarnbiz.testcases.CheckOut_Page_009" time="89.349" errors="0" timestamp="2022-12-22T13:30:30 IST" skipped="0">
  <testcase classname="yarnbiz.testcases.CheckOut_Page_009" name="CheckOut_Page_009" time="89.349"/>
  <system-out/>
</testsuite> <!-- yarnbiz.testcases.CheckOut_Page_009 -->
