<?xml version="1.0" encoding="UTF-8"?>
<!-- Generated by org.testng.reporters.JUnitReportReporter -->
<testsuite hostname="DESKTOP-PQK246G" failures="0" tests="1" name="yarnbiz.testcases.Login_Buyer_001" time="37.565" errors="0" timestamp="2022-12-12T18:01:13 IST" skipped="0">
  <testcase classname="yarnbiz.testcases.Login_Buyer_001" name="Login_Buyer_001" time="37.565"/>
  <system-out/>
</testsuite> <!-- yarnbiz.testcases.Login_Buyer_001 -->
