<?xml version="1.0" encoding="UTF-8"?>
<!-- Generated by org.testng.reporters.JUnitReportReporter -->
<testsuite hostname="techsevin" failures="0" tests="1" name="yarnbiz.testcases.Cart_Page_008" time="52.121" errors="0" timestamp="2022-12-22T13:28:03 IST" skipped="0">
  <testcase classname="yarnbiz.testcases.Cart_Page_008" name="Cart_Page_008" time="52.121"/>
  <system-out/>
</testsuite> <!-- yarnbiz.testcases.Cart_Page_008 -->
