<?xml version="1.0" encoding="UTF-8"?>
<!-- Generated by org.testng.reporters.JUnitReportReporter -->
<testsuite hostname="DESKTOP-PQK246G" failures="0" tests="1" name="yarnbiz.testcases.Registration_Buyer" time="83.748" errors="0" timestamp="2022-12-12T18:14:21 IST" skipped="0">
  <testcase classname="yarnbiz.testcases.Registration_Buyer" name="Registration_Buyer" time="83.748"/>
  <system-out/>
</testsuite> <!-- yarnbiz.testcases.Registration_Buyer -->
