<?xml version="1.0" encoding="UTF-8"?>
<!-- Generated by org.testng.reporters.JUnitReportReporter -->
<testsuite hostname="DESKTOP-PQK246G" failures="0" tests="1" name="yarnbiz.testcases.Registration_Seller_004" time="57.701" errors="0" timestamp="2022-12-08T15:48:32 IST" skipped="0">
  <testcase classname="yarnbiz.testcases.Registration_Seller_004" name="Registration_Seller_004" time="57.701"/>
  <system-out/>
</testsuite> <!-- yarnbiz.testcases.Registration_Seller_004 -->
