<?xml version="1.0" encoding="UTF-8"?>
<!-- Generated by org.testng.reporters.JUnitReportReporter -->
<testsuite hostname="techsevin" failures="0" tests="1" name="yarnbiz.testcases.Seller_Product_002" time="27.397" errors="0" timestamp="2023-01-04T09:55:27 IST" skipped="0">
  <testcase classname="yarnbiz.testcases.Seller_Product_002" name="Seller_Product_002" time="27.397"/>
  <system-out/>
</testsuite> <!-- yarnbiz.testcases.Seller_Product_002 -->
