<?xml version="1.0" encoding="UTF-8"?>
<!-- Generated by org.testng.reporters.JUnitReportReporter -->
<testsuite hostname="techsevin" failures="0" tests="1" name="yarnbiz.testcases.Login_Seller_" time="28.268" errors="0" timestamp="2023-01-02T12:45:53 IST" skipped="0">
  <testcase classname="yarnbiz.testcases.Login_Seller_" name="Login_Seller_" time="28.268"/>
  <system-out/>
</testsuite> <!-- yarnbiz.testcases.Login_Seller_ -->
