<?xml version="1.0" encoding="UTF-8"?>
<!-- Generated by org.testng.reporters.JUnitReportReporter -->
<testsuite hostname="DESKTOP-PQK246G" failures="0" tests="1" name="yarnbiz.testcases.CheckOut_Page_003" time="86.186" errors="0" timestamp="2022-12-20T18:35:08 IST" skipped="0">
  <testcase classname="yarnbiz.testcases.CheckOut_Page_003" name="CheckOut_Page_003" time="86.186"/>
  <system-out/>
</testsuite> <!-- yarnbiz.testcases.CheckOut_Page_003 -->
