<?xml version="1.0" encoding="UTF-8"?>
<!-- Generated by org.testng.reporters.JUnitReportReporter -->
<testsuite hostname="DESKTOP-PQK246G" failures="0" tests="1" name="yarnbiz.testcases.Mini_Cart_002" time="95.507" errors="0" timestamp="2022-12-14T15:01:49 IST" skipped="0">
  <testcase classname="yarnbiz.testcases.Mini_Cart_002" name="Mini_Cart_002" time="95.507"/>
  <system-out/>
</testsuite> <!-- yarnbiz.testcases.Mini_Cart_002 -->
