<?xml version="1.0" encoding="UTF-8"?>
<!-- Generated by org.testng.reporters.JUnitReportReporter -->
<testsuite hostname="DESKTOP-PQK246G" failures="0" tests="1" name="yarnbiz.testcases.Home_Page_002" time="46.342" errors="0" timestamp="2022-12-08T16:02:34 IST" skipped="0">
  <testcase classname="yarnbiz.testcases.Home_Page_002" name="Home_Page_002" time="46.342"/>
  <system-out/>
</testsuite> <!-- yarnbiz.testcases.Home_Page_002 -->
