<?xml version="1.0" encoding="UTF-8"?>
<!-- Generated by org.testng.reporters.JUnitReportReporter -->
<testsuite hostname="DESKTOP-PQK246G" failures="0" tests="1" name="yarnbiz.testcases.Registration_Seller_006" time="104.485" errors="0" timestamp="2022-12-08T18:19:17 IST" skipped="0">
  <testcase classname="yarnbiz.testcases.Registration_Seller_006" name="Registration_Seller_006" time="104.485"/>
  <system-out/>
</testsuite> <!-- yarnbiz.testcases.Registration_Seller_006 -->
