<?xml version="1.0" encoding="UTF-8"?>
<!-- Generated by org.testng.reporters.JUnitReportReporter -->
<testsuite hostname="DESKTOP-PQK246G" failures="0" tests="1" name="yarnbiz.testcases.LoginPageTest" time="16.838" errors="0" timestamp="2022-12-01T11:17:31 IST" skipped="0">
  <testcase classname="yarnbiz.testcases.LoginPageTest" name="verifyLogin" time="16.838"/>
  <system-out/>
</testsuite> <!-- yarnbiz.testcases.LoginPageTest -->
