<?xml version="1.0" encoding="UTF-8"?>
<!-- Generated by org.testng.reporters.JUnitReportReporter -->
<testsuite hostname="DESKTOP-PQK246G" failures="0" tests="1" name="yarnbiz.testcases.MIni_Cart_003" time="67.477" errors="0" timestamp="2022-12-14T15:33:19 IST" skipped="0">
  <testcase classname="yarnbiz.testcases.MIni_Cart_003" name="Mini_Cart_003" time="67.477"/>
  <system-out/>
</testsuite> <!-- yarnbiz.testcases.MIni_Cart_003 -->
