<?xml version="1.0" encoding="UTF-8"?>
<!-- Generated by org.testng.reporters.JUnitReportReporter -->
<testsuite hostname="techsevin" failures="0" tests="1" name="yarnbiz.testcases.Home_Page_002" time="39.597" errors="0" timestamp="2022-12-22T15:34:52 IST" skipped="0">
  <testcase classname="yarnbiz.testcases.Home_Page_002" name="Home_Page_002" time="39.597"/>
  <system-out/>
</testsuite> <!-- yarnbiz.testcases.Home_Page_002 -->
